  airlines.cpp
d:\vsdocuments\visual studio 2010\projects\airlines\airlines\airlines.cpp(332): warning C4101: “Ticket_Amount”: 未引用的局部变量
d:\vsdocuments\visual studio 2010\projects\airlines\airlines\airlines.cpp(411): warning C4996: 'localtime': This function or variable may be unsafe. Consider using localtime_s instead. To disable deprecation, use _CRT_SECURE_NO_WARNINGS. See online help for details.
          d:\program files (x86)\microsoft visual studio 10.0\vc\include\time.inl(112) : 参见“localtime”的声明
d:\vsdocuments\visual studio 2010\projects\airlines\airlines\airlines.cpp(414): warning C4996: 'strcpy': This function or variable may be unsafe. Consider using strcpy_s instead. To disable deprecation, use _CRT_SECURE_NO_WARNINGS. See online help for details.
          d:\program files (x86)\microsoft visual studio 10.0\vc\include\string.h(105) : 参见“strcpy”的声明
d:\vsdocuments\visual studio 2010\projects\airlines\airlines\airlines.cpp(417): warning C4996: 'strcpy': This function or variable may be unsafe. Consider using strcpy_s instead. To disable deprecation, use _CRT_SECURE_NO_WARNINGS. See online help for details.
          d:\program files (x86)\microsoft visual studio 10.0\vc\include\string.h(105) : 参见“strcpy”的声明
d:\vsdocuments\visual studio 2010\projects\airlines\airlines\airlines.cpp(408): warning C4101: “gmt”: 未引用的局部变量
d:\vsdocuments\visual studio 2010\projects\airlines\airlines\airlines.cpp(450): warning C4996: 'strcpy': This function or variable may be unsafe. Consider using strcpy_s instead. To disable deprecation, use _CRT_SECURE_NO_WARNINGS. See online help for details.
          d:\program files (x86)\microsoft visual studio 10.0\vc\include\string.h(105) : 参见“strcpy”的声明
d:\vsdocuments\visual studio 2010\projects\airlines\airlines\airlines.cpp(536): warning C4996: 'localtime': This function or variable may be unsafe. Consider using localtime_s instead. To disable deprecation, use _CRT_SECURE_NO_WARNINGS. See online help for details.
          d:\program files (x86)\microsoft visual studio 10.0\vc\include\time.inl(112) : 参见“localtime”的声明
d:\vsdocuments\visual studio 2010\projects\airlines\airlines\airlines.cpp(538): warning C4996: 'strcpy': This function or variable may be unsafe. Consider using strcpy_s instead. To disable deprecation, use _CRT_SECURE_NO_WARNINGS. See online help for details.
          d:\program files (x86)\microsoft visual studio 10.0\vc\include\string.h(105) : 参见“strcpy”的声明
d:\vsdocuments\visual studio 2010\projects\airlines\airlines\airlines.cpp(540): warning C4996: 'strcpy': This function or variable may be unsafe. Consider using strcpy_s instead. To disable deprecation, use _CRT_SECURE_NO_WARNINGS. See online help for details.
          d:\program files (x86)\microsoft visual studio 10.0\vc\include\string.h(105) : 参见“strcpy”的声明
d:\vsdocuments\visual studio 2010\projects\airlines\airlines\airlines.cpp(541): warning C4996: 'strcpy': This function or variable may be unsafe. Consider using strcpy_s instead. To disable deprecation, use _CRT_SECURE_NO_WARNINGS. See online help for details.
          d:\program files (x86)\microsoft visual studio 10.0\vc\include\string.h(105) : 参见“strcpy”的声明
d:\vsdocuments\visual studio 2010\projects\airlines\airlines\airlines.cpp(542): warning C4996: 'strcpy': This function or variable may be unsafe. Consider using strcpy_s instead. To disable deprecation, use _CRT_SECURE_NO_WARNINGS. See online help for details.
          d:\program files (x86)\microsoft visual studio 10.0\vc\include\string.h(105) : 参见“strcpy”的声明
d:\vsdocuments\visual studio 2010\projects\airlines\airlines\airlines.cpp(533): warning C4101: “gmt”: 未引用的局部变量
  Airlines.vcxproj -> d:\VSDocuments\Visual Studio 2010\Projects\Airlines\Debug\Airlines.exe
